语法

    0 $accept: lines $end

    1 lines: lines expr ';'
    2      | lines ';'
    3      | %empty

    4 expr: expr ADD expr
    5     | expr SUB expr
    6     | expr MUL expr
    7     | expr DIV expr
    8     | LB expr RB
    9     | SUB expr
   10   | NUMBER
   11   | ID


Terminals, with rules where they appear

$end (0) 0
';' (59) 1 2
error (256)
ADD (258) 4
MUL (259) 6
SUB (260) 5 9
DIV (261) 7
LB (262) 8
RB (263) 8
NUMBER (264) 10
ID (265) 11
UMINUS (266)


Nonterminals, with rules where they appear

$accept (13)
    左： 0
lines (14)
    左： 1 2 3, 右： 0 1 2
expr (15)
    左： 4 5 6 7 8 9 10 11, 右： 1 4 5 6 7 8 9


State 0

    0 $accept: . lines $end

    $default  reduce using rule 3 (lines)

    lines  转到状态 1


State 1

    0 $accept: lines . $end
    1 lines: lines . expr ';'
    2      | lines . ';'

    $end    shift, and go to state 2
    SUB     shift, and go to state 3
    LB      shift, and go to state 4
    NUMBER  shift, and go to state 5
    ID      shift, and go to state 6
    ';'     shift, and go to state 7

    expr  转到状态 8


State 2

    0 $accept: lines $end .

    $default  接受


State 3

    9 expr: SUB . expr

    SUB     shift, and go to state 3
    LB      shift, and go to state 4
    NUMBER  shift, and go to state 5
    ID      shift, and go to state 6

    expr  转到状态 9


State 4

    8 expr: LB . expr RB

    SUB     shift, and go to state 3
    LB      shift, and go to state 4
    NUMBER  shift, and go to state 5
    ID      shift, and go to state 6

    expr  转到状态 10


State 5

   10 expr: NUMBER .

    $default  reduce using rule 10 (expr)


State 6

   11 expr: ID .

    $default  reduce using rule 11 (expr)


State 7

    2 lines: lines ';' .

    $default  reduce using rule 2 (lines)


State 8

    1 lines: lines expr . ';'
    4 expr: expr . ADD expr
    5     | expr . SUB expr
    6     | expr . MUL expr
    7     | expr . DIV expr

    ADD  shift, and go to state 11
    MUL  shift, and go to state 12
    SUB  shift, and go to state 13
    DIV  shift, and go to state 14
    ';'  shift, and go to state 15


State 9

    4 expr: expr . ADD expr
    5     | expr . SUB expr
    6     | expr . MUL expr
    7     | expr . DIV expr
    9     | SUB expr .

    $default  reduce using rule 9 (expr)


State 10

    4 expr: expr . ADD expr
    5     | expr . SUB expr
    6     | expr . MUL expr
    7     | expr . DIV expr
    8     | LB expr . RB

    ADD  shift, and go to state 11
    MUL  shift, and go to state 12
    SUB  shift, and go to state 13
    DIV  shift, and go to state 14
    RB   shift, and go to state 16


State 11

    4 expr: expr ADD . expr

    SUB     shift, and go to state 3
    LB      shift, and go to state 4
    NUMBER  shift, and go to state 5
    ID      shift, and go to state 6

    expr  转到状态 17


State 12

    6 expr: expr MUL . expr

    SUB     shift, and go to state 3
    LB      shift, and go to state 4
    NUMBER  shift, and go to state 5
    ID      shift, and go to state 6

    expr  转到状态 18


State 13

    5 expr: expr SUB . expr

    SUB     shift, and go to state 3
    LB      shift, and go to state 4
    NUMBER  shift, and go to state 5
    ID      shift, and go to state 6

    expr  转到状态 19


State 14

    7 expr: expr DIV . expr

    SUB     shift, and go to state 3
    LB      shift, and go to state 4
    NUMBER  shift, and go to state 5
    ID      shift, and go to state 6

    expr  转到状态 20


State 15

    1 lines: lines expr ';' .

    $default  reduce using rule 1 (lines)


State 16

    8 expr: LB expr RB .

    $default  reduce using rule 8 (expr)


State 17

    4 expr: expr . ADD expr
    4     | expr ADD expr .
    5     | expr . SUB expr
    6     | expr . MUL expr
    7     | expr . DIV expr

    MUL  shift, and go to state 12
    DIV  shift, and go to state 14

    $default  reduce using rule 4 (expr)


State 18

    4 expr: expr . ADD expr
    5     | expr . SUB expr
    6     | expr . MUL expr
    6     | expr MUL expr .
    7     | expr . DIV expr

    $default  reduce using rule 6 (expr)


State 19

    4 expr: expr . ADD expr
    5     | expr . SUB expr
    5     | expr SUB expr .
    6     | expr . MUL expr
    7     | expr . DIV expr

    MUL  shift, and go to state 12
    DIV  shift, and go to state 14

    $default  reduce using rule 5 (expr)


State 20

    4 expr: expr . ADD expr
    5     | expr . SUB expr
    6     | expr . MUL expr
    7     | expr . DIV expr
    7     | expr DIV expr .

    $default  reduce using rule 7 (expr)
