Terminals unused in grammar

   MUS


状态 10 conflicts: 1 shift/reduce
状态 18 conflicts: 1 shift/reduce
状态 19 conflicts: 1 shift/reduce
状态 20 conflicts: 1 shift/reduce
状态 21 conflicts: 1 shift/reduce
状态 22 conflicts: 4 shift/reduce


语法

    0 $accept: lines $end

    1 lines: lines expr ';'
    2      | lines ';'
    3      | %empty

    4 expr: expr ADD expr
    5     | expr SUB expr
    6     | expr MUL expr
    7     | expr DIV expr
    8     | LB expr RB
    9     | SUB expr
   10     | NUMBER
   11     | ID
   12     | ID EQUAL expr


Terminals, with rules where they appear

$end (0) 0
';' (59) 1 2
error (256)
NUMBER (258) 10
ADD (259) 4
MUL (260) 6
DIV (261) 7
LB (262) 8
RB (263) 8
SUB (264) 5 9
ID (265) 11 12
EQUAL (266) 12
MUS (267)
UMINUS (268)


Nonterminals, with rules where they appear

$accept (15)
    左： 0
lines (16)
    左： 1 2 3, 右： 0 1 2
expr (17)
    左： 4 5 6 7 8 9 10 11 12, 右： 1 4 5 6 7 8 9 12


State 0

    0 $accept: . lines $end

    $default  reduce using rule 3 (lines)

    lines  转到状态 1


State 1

    0 $accept: lines . $end
    1 lines: lines . expr ';'
    2      | lines . ';'

    $end    shift, and go to state 2
    NUMBER  shift, and go to state 3
    LB      shift, and go to state 4
    SUB     shift, and go to state 5
    ID      shift, and go to state 6
    ';'     shift, and go to state 7

    expr  转到状态 8


State 2

    0 $accept: lines $end .

    $default  接受


State 3

   10 expr: NUMBER .

    $default  reduce using rule 10 (expr)


State 4

    8 expr: LB . expr RB

    NUMBER  shift, and go to state 3
    LB      shift, and go to state 4
    SUB     shift, and go to state 5
    ID      shift, and go to state 6

    expr  转到状态 9


State 5

    9 expr: SUB . expr

    NUMBER  shift, and go to state 3
    LB      shift, and go to state 4
    SUB     shift, and go to state 5
    ID      shift, and go to state 6

    expr  转到状态 10


State 6

   11 expr: ID .
   12     | ID . EQUAL expr

    EQUAL  shift, and go to state 11

    $default  reduce using rule 11 (expr)


State 7

    2 lines: lines ';' .

    $default  reduce using rule 2 (lines)


State 8

    1 lines: lines expr . ';'
    4 expr: expr . ADD expr
    5     | expr . SUB expr
    6     | expr . MUL expr
    7     | expr . DIV expr

    ADD  shift, and go to state 12
    MUL  shift, and go to state 13
    DIV  shift, and go to state 14
    SUB  shift, and go to state 15
    ';'  shift, and go to state 16


State 9

    4 expr: expr . ADD expr
    5     | expr . SUB expr
    6     | expr . MUL expr
    7     | expr . DIV expr
    8     | LB expr . RB

    ADD  shift, and go to state 12
    MUL  shift, and go to state 13
    DIV  shift, and go to state 14
    RB   shift, and go to state 17
    SUB  shift, and go to state 15


State 10

    4 expr: expr . ADD expr
    5     | expr . SUB expr
    6     | expr . MUL expr
    7     | expr . DIV expr
    9     | SUB expr .

    SUB  shift, and go to state 15

    SUB       [reduce using rule 9 (expr)]
    $default  reduce using rule 9 (expr)


State 11

   12 expr: ID EQUAL . expr

    NUMBER  shift, and go to state 3
    LB      shift, and go to state 4
    SUB     shift, and go to state 5
    ID      shift, and go to state 6

    expr  转到状态 18


State 12

    4 expr: expr ADD . expr

    NUMBER  shift, and go to state 3
    LB      shift, and go to state 4
    SUB     shift, and go to state 5
    ID      shift, and go to state 6

    expr  转到状态 19


State 13

    6 expr: expr MUL . expr

    NUMBER  shift, and go to state 3
    LB      shift, and go to state 4
    SUB     shift, and go to state 5
    ID      shift, and go to state 6

    expr  转到状态 20


State 14

    7 expr: expr DIV . expr

    NUMBER  shift, and go to state 3
    LB      shift, and go to state 4
    SUB     shift, and go to state 5
    ID      shift, and go to state 6

    expr  转到状态 21


State 15

    5 expr: expr SUB . expr

    NUMBER  shift, and go to state 3
    LB      shift, and go to state 4
    SUB     shift, and go to state 5
    ID      shift, and go to state 6

    expr  转到状态 22


State 16

    1 lines: lines expr ';' .

    $default  reduce using rule 1 (lines)


State 17

    8 expr: LB expr RB .

    $default  reduce using rule 8 (expr)


State 18

    4 expr: expr . ADD expr
    5     | expr . SUB expr
    6     | expr . MUL expr
    7     | expr . DIV expr
   12     | ID EQUAL expr .

    ADD  shift, and go to state 12
    MUL  shift, and go to state 13
    DIV  shift, and go to state 14
    SUB  shift, and go to state 15

    SUB       [reduce using rule 12 (expr)]
    $default  reduce using rule 12 (expr)


State 19

    4 expr: expr . ADD expr
    4     | expr ADD expr .
    5     | expr . SUB expr
    6     | expr . MUL expr
    7     | expr . DIV expr

    MUL  shift, and go to state 13
    DIV  shift, and go to state 14
    SUB  shift, and go to state 15

    SUB       [reduce using rule 4 (expr)]
    $default  reduce using rule 4 (expr)


State 20

    4 expr: expr . ADD expr
    5     | expr . SUB expr
    6     | expr . MUL expr
    6     | expr MUL expr .
    7     | expr . DIV expr

    SUB  shift, and go to state 15

    SUB       [reduce using rule 6 (expr)]
    $default  reduce using rule 6 (expr)


State 21

    4 expr: expr . ADD expr
    5     | expr . SUB expr
    6     | expr . MUL expr
    7     | expr . DIV expr
    7     | expr DIV expr .

    SUB  shift, and go to state 15

    SUB       [reduce using rule 7 (expr)]
    $default  reduce using rule 7 (expr)


State 22

    4 expr: expr . ADD expr
    5     | expr . SUB expr
    5     | expr SUB expr .
    6     | expr . MUL expr
    7     | expr . DIV expr

    ADD  shift, and go to state 12
    MUL  shift, and go to state 13
    DIV  shift, and go to state 14
    SUB  shift, and go to state 15

    ADD       [reduce using rule 5 (expr)]
    MUL       [reduce using rule 5 (expr)]
    DIV       [reduce using rule 5 (expr)]
    SUB       [reduce using rule 5 (expr)]
    $default  reduce using rule 5 (expr)
